<?xml version="1.0" encoding="UTF-8"?>
<!-- Generated by org.testng.reporters.JUnitXMLReporter -->
<testsuite ignored="1" hostname="DESKTOP-4BOLIFG" failures="1" tests="15" name="Personal Loan" time="1.328" errors="0" timestamp="2025-01-08T05:18:40 IST">
  <testcase classname="test.day1" name="Demo" time="0.115"/>
  <testcase classname="test.day2" name="LoginApiCarLoan" time="0.017"/>
  <testcase classname="test.day2" name="MobileLoginCarLoan" time="0.026"/>
  <testcase classname="test.day2" name="WebLoginCarLoan" time="0.033"/>
  <testcase classname="test.day3" name="MobileLoginHomeLoan" time="0.054"/>
  <testcase classname="test.day3" name="MobileLoginHomeLoan" time="0.017"/>
  <testcase classname="test.day3" name="MobileLoginHomeLoan" time="0.011"/>
  <testcase classname="test.day3" name="TeamLogin" time="0.022"/>
  <testcase classname="test.day3" name="WebLoginHomeLoan" time="0.08">
    <failure type="java.lang.AssertionError" message="expected [true] but found [false]">
      <![CDATA[java.lang.AssertionError: expected [true] but found [false]
at test.day3.WebLoginHomeLoan(day3.java:16)
at java.base/java.util.ArrayList.forEach(ArrayList.java:1596)
at java.base/java.util.concurrent.FutureTask.run(FutureTask.java:317)
at java.base/java.util.concurrent.ThreadPoolExecutor.runWorker(ThreadPoolExecutor.java:1144)
at java.base/java.util.concurrent.ThreadPoolExecutor$Worker.run(ThreadPoolExecutor.java:642)
at java.base/java.lang.Thread.run(Thread.java:1583)
... Removed 20 stack frames]]>
    </failure>
  </testcase> <!-- WebLoginHomeLoan -->
  <testcase classname="test.day5" name="JioLogin" time="0.018"/>
  <testcase classname="test.day5" name="SigninJio" time="0.025"/>
  <testcase classname="test.day4" name="PhoneLoginCarLoan" time="0.013"/>
  <testcase classname="test.day4" name="PhoneSignOutCarLoan" time="0.011"/>
  <testcase classname="test.day4" name="PhonesigninCarLoan" time="0.014"/>
  <testcase classname="test.day3" name="LoginApiHomeLoan" time="0.0">
    <skipped/>
  </testcase> <!-- LoginApiHomeLoan -->
  <testcase classname="test.day1" name="SecondTest" time="0.0">
    <ignored/>
  </testcase> <!-- SecondTest -->
</testsuite> <!-- Personal Loan -->
